<?xml version="1.0" encoding="UTF-8"?>
<!-- Generated by org.testng.reporters.JUnitReportReporter -->
<testsuite skipped="0" hostname="cid" name="ui.CoralHomePageTest" tests="1" failures="0" timestamp="2021-06-19T15:44:08 PDT" time="0.020" errors="0">
  <testcase name="homepageTests" time="0.020" classname="ui.CoralHomePageTest"/>
  <system-out/>
</testsuite> <!-- ui.CoralHomePageTest -->
